2025-05-31 20:55:43,531 - INFO - Google Cloud credentials configured successfully.
2025-05-31 20:55:43,531 - INFO - Starting OCR pipeline
2025-05-31 20:55:43,531 - INFO - Downloading image
2025-05-31 20:55:43,751 - INFO - Image downloaded successfully. Size: 1143255 bytes
2025-05-31 20:55:43,752 - INFO - Performing OCR (attempt 1/3)
2025-05-31 20:55:49,543 - INFO - OCR completed successfully
2025-05-31 20:55:49,543 - INFO - Found 104 text annotations
2025-05-31 20:55:49,543 - INFO - Extracted text length: 530 characters
2025-05-31 20:55:49,545 - INFO - OCR pipeline completed successfully
2025-06-01 18:46:04,027 - INFO - Google Cloud credentials configured successfully.
2025-06-01 18:46:04,027 - INFO - Starting OCR pipeline
2025-06-01 18:46:04,028 - INFO - Downloading image
2025-06-01 18:46:04,264 - INFO - Image downloaded successfully. Size: 1143255 bytes
2025-06-01 18:46:04,265 - INFO - Performing OCR (attempt 1/3)
2025-06-01 18:46:09,548 - INFO - OCR completed successfully
2025-06-01 18:46:09,548 - INFO - Found 104 text annotations
2025-06-01 18:46:09,548 - INFO - Extracted text length: 530 characters
2025-06-01 18:46:09,550 - INFO - OCR pipeline completed successfully
2025-06-01 18:53:37,406 - INFO - Google Cloud credentials configured successfully.
2025-06-01 18:53:37,407 - WARNING - PyNaCl is not installed, voice will NOT be supported
2025-06-01 18:54:07,663 - INFO - Google Cloud credentials configured successfully.
2025-06-01 18:54:07,664 - WARNING - PyNaCl is not installed, voice will NOT be supported
2025-06-01 18:58:17,905 - INFO - Google Cloud credentials configured successfully.
2025-06-01 18:58:38,793 - INFO - Google Cloud credentials configured successfully.
2025-06-01 18:58:38,793 - WARNING - PyNaCl is not installed, voice will NOT be supported
2025-06-01 19:24:56,015 - INFO - Google Cloud credentials configured successfully.
2025-06-01 19:24:56,015 - WARNING - PyNaCl is not installed, voice will NOT be supported
2025-06-01 19:30:15,482 - INFO - Google Cloud credentials configured successfully.
2025-06-01 19:30:15,482 - WARNING - PyNaCl is not installed, voice will NOT be supported
2025-06-01 19:31:37,259 - INFO - Google Cloud credentials configured successfully.
2025-06-01 19:31:37,259 - INFO - Starting OCR pipeline
2025-06-01 19:31:37,259 - INFO - Downloading image
2025-06-01 19:31:37,479 - INFO - Image downloaded successfully. Size: 1143255 bytes
2025-06-01 19:31:37,479 - INFO - Performing OCR (attempt 1/3)
2025-06-01 19:31:42,875 - INFO - OCR completed successfully
2025-06-01 19:31:42,876 - INFO - Found 104 text annotations
2025-06-01 19:31:42,876 - INFO - Extracted text length: 530 characters
2025-06-01 19:31:42,878 - INFO - OCR pipeline completed successfully
2025-06-01 19:36:55,330 - INFO - Google Cloud credentials configured successfully.
2025-06-01 19:36:55,333 - INFO - logging in using static token
2025-06-01 19:38:35,619 - INFO - Google Cloud credentials configured successfully.
2025-06-01 19:38:35,621 - INFO - logging in using static token
2025-06-01 19:41:31,282 - INFO - Google Cloud credentials configured successfully.
2025-06-01 19:41:31,283 - INFO - logging in using static token
2025-06-01 19:41:50,313 - INFO - Google Cloud credentials configured successfully.
2025-06-01 19:41:50,315 - INFO - logging in using static token
2025-06-01 19:44:25,920 - INFO - Google Cloud credentials configured successfully.
2025-06-01 19:44:25,920 - INFO - Starting OCR pipeline
2025-06-01 19:44:25,920 - INFO - Downloading image
2025-06-01 19:44:26,148 - INFO - Image downloaded successfully. Size: 1143255 bytes
2025-06-01 19:44:26,148 - INFO - Performing OCR (attempt 1/3)
2025-06-01 19:44:32,157 - INFO - OCR completed successfully
2025-06-01 19:44:32,157 - INFO - Found 104 text annotations
2025-06-01 19:44:32,157 - INFO - Extracted text length: 530 characters
2025-06-01 19:44:32,159 - INFO - OCR pipeline completed successfully
2025-06-01 19:47:08,296 - INFO - Google Cloud credentials configured successfully.
2025-06-01 19:47:08,297 - INFO - logging in using static token
2025-06-01 19:47:09,316 - INFO - Shard ID None has connected to Gateway (Session ID: 9645f24fba6b0c6e634c6e4e83b0ab9b).
2025-06-01 19:49:01,160 - INFO - Performing OCR (attempt 1/3)
2025-06-01 19:49:14,643 - INFO - OCR completed successfully
2025-06-01 19:51:29,038 - INFO - Google Cloud credentials configured successfully.
2025-06-01 19:51:29,040 - INFO - logging in using static token
2025-06-01 19:51:30,161 - INFO - Shard ID None has connected to Gateway (Session ID: dc4782dadb274320c964a135b72c36fc).
